# JRE version: OpenJDK Runtime Environment (8.0_252-b09) (build 1.8.0_252-b09)
# Java VM: OpenJDK 64-Bit Server VM (25.252-b09 mixed mode windows-amd64 compressed oops)
Heap:
 PSYoungGen      total 276992K, used 179462K [0x00000000e0000000, 0x00000000f3200000, 0x0000000100000000)
  eden space 240640K, 65% used [0x00000000e0000000,0x00000000e9b14968,0x00000000eeb00000)
  from space 36352K, 56% used [0x00000000f0e00000,0x00000000f222d0c8,0x00000000f3180000)
  to   space 35840K, 0% used [0x00000000eeb00000,0x00000000eeb00000,0x00000000f0e00000)
 ParOldGen       total 364544K, used 69573K [0x00000000a0000000, 0x00000000b6400000, 0x00000000e0000000)
  object space 364544K, 19% used [0x00000000a0000000,0x00000000a43f15e0,0x00000000b6400000)
 Metaspace       used 106192K, capacity 111698K, committed 111896K, reserved 1146880K
  class space    used 13920K, capacity 15059K, committed 15144K, reserved 1048576K
GC Heap History (10 events):
Event: 8.010 GC heap before
{Heap before GC invocations=14 (full 3):
 PSYoungGen      total 215552K, used 209827K [0x00000000e0000000, 0x00000000ee680000, 0x0000000100000000)
  eden space 196096K, 100% used [0x00000000e0000000,0x00000000ebf80000,0x00000000ebf80000)
  from space 19456K, 70% used [0x00000000ed280000,0x00000000edfe8e88,0x00000000ee580000)
  to   space 19456K, 0% used [0x00000000ebf80000,0x00000000ebf80000,0x00000000ed280000)
 ParOldGen       total 233472K, used 38421K [0x00000000a0000000, 0x00000000ae400000, 0x00000000e0000000)
  object space 233472K, 16% used [0x00000000a0000000,0x00000000a25857b8,0x00000000ae400000)
 Metaspace       used 73758K, capacity 77281K, committed 77336K, reserved 1116160K
  class space    used 10056K, capacity 10740K, committed 10792K, reserved 1048576K
Event: 8.026 GC heap after
Heap after GC invocations=14 (full 3):
 PSYoungGen      total 215552K, used 19437K [0x00000000e0000000, 0x00000000f0c80000, 0x0000000100000000)
  eden space 196096K, 0% used [0x00000000e0000000,0x00000000e0000000,0x00000000ebf80000)
  from space 19456K, 99% used [0x00000000ebf80000,0x00000000ed27b4f0,0x00000000ed280000)
  to   space 25088K, 0% used [0x00000000ef400000,0x00000000ef400000,0x00000000f0c80000)
 ParOldGen       total 233472K, used 46943K [0x00000000a0000000, 0x00000000ae400000, 0x00000000e0000000)
  object space 233472K, 20% used [0x00000000a0000000,0x00000000a2dd7db0,0x00000000ae400000)
 Metaspace       used 73758K, capacity 77281K, committed 77336K, reserved 1116160K
  class space    used 10056K, capacity 10740K, committed 10792K, reserved 1048576K
}
Event: 241.532 GC heap before
{Heap before GC invocations=15 (full 3):
 PSYoungGen      total 215552K, used 215533K [0x00000000e0000000, 0x00000000f0c80000, 0x0000000100000000)
  eden space 196096K, 100% used [0x00000000e0000000,0x00000000ebf80000,0x00000000ebf80000)
  from space 19456K, 99% used [0x00000000ebf80000,0x00000000ed27b4f0,0x00000000ed280000)
  to   space 25088K, 0% used [0x00000000ef400000,0x00000000ef400000,0x00000000f0c80000)
 ParOldGen       total 233472K, used 46943K [0x00000000a0000000, 0x00000000ae400000, 0x00000000e0000000)
  object space 233472K, 20% used [0x00000000a0000000,0x00000000a2dd7db0,0x00000000ae400000)
 Metaspace       used 81156K, capacity 85545K, committed 85656K, reserved 1124352K
  class space    used 10745K, capacity 11590K, committed 11688K, reserved 1048576K
Event: 241.559 GC heap after
Heap after GC invocations=15 (full 3):
 PSYoungGen      total 243712K, used 23653K [0x00000000e0000000, 0x00000000f0c00000, 0x0000000100000000)
  eden space 219136K, 0% used [0x00000000e0000000,0x00000000e0000000,0x00000000ed600000)
  from space 24576K, 96% used [0x00000000ef400000,0x00000000f0b194c8,0x00000000f0c00000)
  to   space 27648K, 0% used [0x00000000ed600000,0x00000000ed600000,0x00000000ef100000)
 ParOldGen       total 233472K, used 56226K [0x00000000a0000000, 0x00000000ae400000, 0x00000000e0000000)
  object space 233472K, 24% used [0x00000000a0000000,0x00000000a36e88d0,0x00000000ae400000)
 Metaspace       used 81156K, capacity 85545K, committed 85656K, reserved 1124352K
  class space    used 10745K, capacity 11590K, committed 11688K, reserved 1048576K
}
Event: 260.292 GC heap before
{Heap before GC invocations=16 (full 3):
 PSYoungGen      total 243712K, used 242356K [0x00000000e0000000, 0x00000000f0c00000, 0x0000000100000000)
  eden space 219136K, 99% used [0x00000000e0000000,0x00000000ed593b58,0x00000000ed600000)
  from space 24576K, 96% used [0x00000000ef400000,0x00000000f0b194c8,0x00000000f0c00000)
  to   space 27648K, 0% used [0x00000000ed600000,0x00000000ed600000,0x00000000ef100000)
 ParOldGen       total 233472K, used 56226K [0x00000000a0000000, 0x00000000ae400000, 0x00000000e0000000)
  object space 233472K, 24% used [0x00000000a0000000,0x00000000a36e88d0,0x00000000ae400000)
 Metaspace       used 93211K, capacity 98495K, committed 98600K, reserved 1134592K
  class space    used 12428K, capacity 13426K, committed 13480K, reserved 1048576K
Event: 260.318 GC heap after
Heap after GC invocations=16 (full 3):
 PSYoungGen      total 246784K, used 27618K [0x00000000e0000000, 0x00000000f3180000, 0x0000000100000000)
  eden space 219136K, 0% used [0x00000000e0000000,0x00000000e0000000,0x00000000ed600000)
  from space 27648K, 99% used [0x00000000ed600000,0x00000000ef0f8820,0x00000000ef100000)
  to   space 36352K, 0% used [0x00000000f0e00000,0x00000000f0e00000,0x00000000f3180000)
 ParOldGen       total 233472K, used 70314K [0x00000000a0000000, 0x00000000ae400000, 0x00000000e0000000)
  object space 233472K, 30% used [0x00000000a0000000,0x00000000a44aa8d0,0x00000000ae400000)
 Metaspace       used 93211K, capacity 98495K, committed 98600K, reserved 1134592K
  class space    used 12428K, capacity 13426K, committed 13480K, reserved 1048576K
}
Event: 260.318 GC heap before
{Heap before GC invocations=17 (full 4):
 PSYoungGen      total 246784K, used 27618K [0x00000000e0000000, 0x00000000f3180000, 0x0000000100000000)
  eden space 219136K, 0% used [0x00000000e0000000,0x00000000e0000000,0x00000000ed600000)
  from space 27648K, 99% used [0x00000000ed600000,0x00000000ef0f8820,0x00000000ef100000)
  to   space 36352K, 0% used [0x00000000f0e00000,0x00000000f0e00000,0x00000000f3180000)
 ParOldGen       total 233472K, used 70314K [0x00000000a0000000, 0x00000000ae400000, 0x00000000e0000000)
  object space 233472K, 30% used [0x00000000a0000000,0x00000000a44aa8d0,0x00000000ae400000)
 Metaspace       used 93211K, capacity 98495K, committed 98600K, reserved 1134592K
  class space    used 12428K, capacity 13426K, committed 13480K, reserved 1048576K
Event: 260.440 GC heap after
Heap after GC invocations=17 (full 4):
 PSYoungGen      total 246784K, used 0K [0x00000000e0000000, 0x00000000f3180000, 0x0000000100000000)
  eden space 219136K, 0% used [0x00000000e0000000,0x00000000e0000000,0x00000000ed600000)
  from space 27648K, 0% used [0x00000000ed600000,0x00000000ed600000,0x00000000ef100000)
  to   space 36352K, 0% used [0x00000000f0e00000,0x00000000f0e00000,0x00000000f3180000)
 ParOldGen       total 364544K, used 69565K [0x00000000a0000000, 0x00000000b6400000, 0x00000000e0000000)
  object space 364544K, 19% used [0x00000000a0000000,0x00000000a43ef5e0,0x00000000b6400000)
 Metaspace       used 92779K, capacity 97289K, committed 98600K, reserved 1134592K
  class space    used 12286K, capacity 13179K, committed 13480K, reserved 1048576K
}
Event: 266.455 GC heap before
{Heap before GC invocations=18 (full 4):
 PSYoungGen      total 246784K, used 219136K [0x00000000e0000000, 0x00000000f3180000, 0x0000000100000000)
  eden space 219136K, 100% used [0x00000000e0000000,0x00000000ed600000,0x00000000ed600000)
  from space 27648K, 0% used [0x00000000ed600000,0x00000000ed600000,0x00000000ef100000)
  to   space 36352K, 0% used [0x00000000f0e00000,0x00000000f0e00000,0x00000000f3180000)
 ParOldGen       total 364544K, used 69565K [0x00000000a0000000, 0x00000000b6400000, 0x00000000e0000000)
  object space 364544K, 19% used [0x00000000a0000000,0x00000000a43ef5e0,0x00000000b6400000)
 Metaspace       used 101401K, capacity 106666K, committed 106776K, reserved 1142784K
  class space    used 13287K, capacity 14347K, committed 14376K, reserved 1048576K
Event: 266.468 GC heap after
Heap after GC invocations=18 (full 4):
 PSYoungGen      total 276992K, used 20660K [0x00000000e0000000, 0x00000000f3200000, 0x0000000100000000)
  eden space 240640K, 0% used [0x00000000e0000000,0x00000000e0000000,0x00000000eeb00000)
  from space 36352K, 56% used [0x00000000f0e00000,0x00000000f222d0c8,0x00000000f3180000)
  to   space 35840K, 0% used [0x00000000eeb00000,0x00000000eeb00000,0x00000000f0e00000)
 ParOldGen       total 364544K, used 69573K [0x00000000a0000000, 0x00000000b6400000, 0x00000000e0000000)
  object space 364544K, 19% used [0x00000000a0000000,0x00000000a43f15e0,0x00000000b6400000)
 Metaspace       used 101401K, capacity 106666K, committed 106776K, reserved 1142784K
  class space    used 13287K, capacity 14347K, committed 14376K, reserved 1048576K
}

