# JRE version: OpenJDK Runtime Environment (8.0_252-b09) (build 1.8.0_252-b09)
# Java VM: OpenJDK 64-Bit Server VM (25.252-b09 mixed mode windows-amd64 compressed oops)
Heap:
 PSYoungGen      total 139264K, used 74364K [0x00000000e0000000, 0x00000000ecd80000, 0x0000000100000000)
  eden space 129024K, 57% used [0x00000000e0000000,0x00000000e489f280,0x00000000e7e00000)
  from space 10240K, 0% used [0x00000000e7e00000,0x00000000e7e00000,0x00000000e8800000)
  to   space 20480K, 0% used [0x00000000eb980000,0x00000000eb980000,0x00000000ecd80000)
 ParOldGen       total 152064K, used 33832K [0x00000000a0000000, 0x00000000a9480000, 0x00000000e0000000)
  object space 152064K, 22% used [0x00000000a0000000,0x00000000a210a0a0,0x00000000a9480000)
 Metaspace       used 59297K, capacity 61482K, committed 61824K, reserved 1101824K
  class space    used 8218K, capacity 8731K, committed 8832K, reserved 1048576K
GC Heap History (10 events):
Event: 4.145 GC heap before
{Heap before GC invocations=8 (full 2):
 PSYoungGen      total 139264K, used 10216K [0x00000000e0000000, 0x00000000e9200000, 0x0000000100000000)
  eden space 129024K, 0% used [0x00000000e0000000,0x00000000e0000000,0x00000000e7e00000)
  from space 10240K, 99% used [0x00000000e8800000,0x00000000e91fa070,0x00000000e9200000)
  to   space 10240K, 0% used [0x00000000e7e00000,0x00000000e7e00000,0x00000000e8800000)
 ParOldGen       total 98304K, used 13334K [0x00000000a0000000, 0x00000000a6000000, 0x00000000e0000000)
  object space 98304K, 13% used [0x00000000a0000000,0x00000000a0d05840,0x00000000a6000000)
 Metaspace       used 34574K, capacity 35364K, committed 35496K, reserved 1079296K
  class space    used 4763K, capacity 4997K, committed 5120K, reserved 1048576K
Event: 4.183 GC heap after
Heap after GC invocations=8 (full 2):
 PSYoungGen      total 139264K, used 0K [0x00000000e0000000, 0x00000000e9200000, 0x0000000100000000)
  eden space 129024K, 0% used [0x00000000e0000000,0x00000000e0000000,0x00000000e7e00000)
  from space 10240K, 0% used [0x00000000e8800000,0x00000000e8800000,0x00000000e9200000)
  to   space 10240K, 0% used [0x00000000e7e00000,0x00000000e7e00000,0x00000000e8800000)
 ParOldGen       total 152064K, used 18951K [0x00000000a0000000, 0x00000000a9480000, 0x00000000e0000000)
  object space 152064K, 12% used [0x00000000a0000000,0x00000000a1281d78,0x00000000a9480000)
 Metaspace       used 34574K, capacity 35364K, committed 35496K, reserved 1079296K
  class space    used 4763K, capacity 4997K, committed 5120K, reserved 1048576K
}
Event: 5.383 GC heap before
{Heap before GC invocations=9 (full 2):
 PSYoungGen      total 139264K, used 129024K [0x00000000e0000000, 0x00000000e9200000, 0x0000000100000000)
  eden space 129024K, 100% used [0x00000000e0000000,0x00000000e7e00000,0x00000000e7e00000)
  from space 10240K, 0% used [0x00000000e8800000,0x00000000e8800000,0x00000000e9200000)
  to   space 10240K, 0% used [0x00000000e7e00000,0x00000000e7e00000,0x00000000e8800000)
 ParOldGen       total 152064K, used 18951K [0x00000000a0000000, 0x00000000a9480000, 0x00000000e0000000)
  object space 152064K, 12% used [0x00000000a0000000,0x00000000a1281d78,0x00000000a9480000)
 Metaspace       used 45023K, capacity 46356K, committed 46592K, reserved 1089536K
  class space    used 6092K, capacity 6381K, committed 6400K, reserved 1048576K
Event: 5.395 GC heap after
Heap after GC invocations=9 (full 2):
 PSYoungGen      total 139264K, used 10227K [0x00000000e0000000, 0x00000000e9200000, 0x0000000100000000)
  eden space 129024K, 0% used [0x00000000e0000000,0x00000000e0000000,0x00000000e7e00000)
  from space 10240K, 99% used [0x00000000e7e00000,0x00000000e87fcee8,0x00000000e8800000)
  to   space 10240K, 0% used [0x00000000e8800000,0x00000000e8800000,0x00000000e9200000)
 ParOldGen       total 152064K, used 23077K [0x00000000a0000000, 0x00000000a9480000, 0x00000000e0000000)
  object space 152064K, 15% used [0x00000000a0000000,0x00000000a1689580,0x00000000a9480000)
 Metaspace       used 45023K, capacity 46356K, committed 46592K, reserved 1089536K
  class space    used 6092K, capacity 6381K, committed 6400K, reserved 1048576K
}
Event: 6.538 GC heap before
{Heap before GC invocations=10 (full 2):
 PSYoungGen      total 139264K, used 139251K [0x00000000e0000000, 0x00000000e9200000, 0x0000000100000000)
  eden space 129024K, 100% used [0x00000000e0000000,0x00000000e7e00000,0x00000000e7e00000)
  from space 10240K, 99% used [0x00000000e7e00000,0x00000000e87fcee8,0x00000000e8800000)
  to   space 10240K, 0% used [0x00000000e8800000,0x00000000e8800000,0x00000000e9200000)
 ParOldGen       total 152064K, used 23077K [0x00000000a0000000, 0x00000000a9480000, 0x00000000e0000000)
  object space 152064K, 15% used [0x00000000a0000000,0x00000000a1689580,0x00000000a9480000)
 Metaspace       used 55137K, capacity 57132K, committed 57472K, reserved 1099776K
  class space    used 7553K, capacity 7977K, committed 8064K, reserved 1048576K
Event: 6.555 GC heap after
Heap after GC invocations=10 (full 2):
 PSYoungGen      total 139264K, used 10212K [0x00000000e0000000, 0x00000000e9200000, 0x0000000100000000)
  eden space 129024K, 0% used [0x00000000e0000000,0x00000000e0000000,0x00000000e7e00000)
  from space 10240K, 99% used [0x00000000e8800000,0x00000000e91f9300,0x00000000e9200000)
  to   space 10240K, 0% used [0x00000000e7e00000,0x00000000e7e00000,0x00000000e8800000)
 ParOldGen       total 152064K, used 35249K [0x00000000a0000000, 0x00000000a9480000, 0x00000000e0000000)
  object space 152064K, 23% used [0x00000000a0000000,0x00000000a226c588,0x00000000a9480000)
 Metaspace       used 55137K, capacity 57132K, committed 57472K, reserved 1099776K
  class space    used 7553K, capacity 7977K, committed 8064K, reserved 1048576K
}
Event: 6.865 GC heap before
{Heap before GC invocations=11 (full 2):
 PSYoungGen      total 139264K, used 51275K [0x00000000e0000000, 0x00000000e9200000, 0x0000000100000000)
  eden space 129024K, 31% used [0x00000000e0000000,0x00000000e2819bd0,0x00000000e7e00000)
  from space 10240K, 99% used [0x00000000e8800000,0x00000000e91f9300,0x00000000e9200000)
  to   space 10240K, 0% used [0x00000000e7e00000,0x00000000e7e00000,0x00000000e8800000)
 ParOldGen       total 152064K, used 35249K [0x00000000a0000000, 0x00000000a9480000, 0x00000000e0000000)
  object space 152064K, 23% used [0x00000000a0000000,0x00000000a226c588,0x00000000a9480000)
 Metaspace       used 56995K, capacity 59020K, committed 59160K, reserved 1099776K
  class space    used 7868K, capacity 8329K, committed 8448K, reserved 1048576K
Event: 6.874 GC heap after
Heap after GC invocations=11 (full 2):
 PSYoungGen      total 139264K, used 10228K [0x00000000e0000000, 0x00000000ecd80000, 0x0000000100000000)
  eden space 129024K, 0% used [0x00000000e0000000,0x00000000e0000000,0x00000000e7e00000)
  from space 10240K, 99% used [0x00000000e7e00000,0x00000000e87fd2f0,0x00000000e8800000)
  to   space 20480K, 0% used [0x00000000eb980000,0x00000000eb980000,0x00000000ecd80000)
 ParOldGen       total 152064K, used 38092K [0x00000000a0000000, 0x00000000a9480000, 0x00000000e0000000)
  object space 152064K, 25% used [0x00000000a0000000,0x00000000a2533220,0x00000000a9480000)
 Metaspace       used 56995K, capacity 59020K, committed 59160K, reserved 1099776K
  class space    used 7868K, capacity 8329K, committed 8448K, reserved 1048576K
}
Event: 6.874 GC heap before
{Heap before GC invocations=12 (full 3):
 PSYoungGen      total 139264K, used 10228K [0x00000000e0000000, 0x00000000ecd80000, 0x0000000100000000)
  eden space 129024K, 0% used [0x00000000e0000000,0x00000000e0000000,0x00000000e7e00000)
  from space 10240K, 99% used [0x00000000e7e00000,0x00000000e87fd2f0,0x00000000e8800000)
  to   space 20480K, 0% used [0x00000000eb980000,0x00000000eb980000,0x00000000ecd80000)
 ParOldGen       total 152064K, used 38092K [0x00000000a0000000, 0x00000000a9480000, 0x00000000e0000000)
  object space 152064K, 25% used [0x00000000a0000000,0x00000000a2533220,0x00000000a9480000)
 Metaspace       used 56995K, capacity 59020K, committed 59160K, reserved 1099776K
  class space    used 7868K, capacity 8329K, committed 8448K, reserved 1048576K
Event: 7.025 GC heap after
Heap after GC invocations=12 (full 3):
 PSYoungGen      total 139264K, used 0K [0x00000000e0000000, 0x00000000ecd80000, 0x0000000100000000)
  eden space 129024K, 0% used [0x00000000e0000000,0x00000000e0000000,0x00000000e7e00000)
  from space 10240K, 0% used [0x00000000e7e00000,0x00000000e7e00000,0x00000000e8800000)
  to   space 20480K, 0% used [0x00000000eb980000,0x00000000eb980000,0x00000000ecd80000)
 ParOldGen       total 152064K, used 33832K [0x00000000a0000000, 0x00000000a9480000, 0x00000000e0000000)
  object space 152064K, 22% used [0x00000000a0000000,0x00000000a210a0a0,0x00000000a9480000)
 Metaspace       used 56945K, capacity 58852K, committed 59160K, reserved 1099776K
  class space    used 7852K, capacity 8301K, committed 8448K, reserved 1048576K
}

