# JRE version: OpenJDK Runtime Environment (8.0_252-b09) (build 1.8.0_252-b09)
# Java VM: OpenJDK 64-Bit Server VM (25.252-b09 mixed mode windows-amd64 compressed oops)
Heap:
 PSYoungGen      total 419328K, used 264032K [0x00000000e0000000, 0x00000000fc180000, 0x0000000100000000)
  eden space 381440K, 66% used [0x00000000e0000000,0x00000000ef964040,0x00000000f7480000)
  from space 37888K, 22% used [0x00000000f9c80000,0x00000000fa4f3fc8,0x00000000fc180000)
  to   space 39424K, 0% used [0x00000000f7480000,0x00000000f7480000,0x00000000f9b00000)
 ParOldGen       total 411648K, used 132425K [0x00000000a0000000, 0x00000000b9200000, 0x00000000e0000000)
  object space 411648K, 32% used [0x00000000a0000000,0x00000000a8152758,0x00000000b9200000)
 Metaspace       used 108429K, capacity 114274K, committed 114344K, reserved 1148928K
  class space    used 13887K, capacity 14995K, committed 15024K, reserved 1048576K
GC Heap History (10 events):
Event: 702.660 GC heap before
{Heap before GC invocations=34 (full 4):
 PSYoungGen      total 311296K, used 300148K [0x00000000e0000000, 0x00000000f9200000, 0x0000000100000000)
  eden space 271360K, 100% used [0x00000000e0000000,0x00000000f0900000,0x00000000f0900000)
  from space 39936K, 72% used [0x00000000f0900000,0x00000000f251d388,0x00000000f3000000)
  to   space 40448K, 0% used [0x00000000f6a80000,0x00000000f6a80000,0x00000000f9200000)
 ParOldGen       total 411648K, used 94652K [0x00000000a0000000, 0x00000000b9200000, 0x00000000e0000000)
  object space 411648K, 22% used [0x00000000a0000000,0x00000000a5c6f150,0x00000000b9200000)
 Metaspace       used 106624K, capacity 112242K, committed 112424K, reserved 1146880K
  class space    used 13730K, capacity 14831K, committed 14896K, reserved 1048576K
Event: 702.672 GC heap after
Heap after GC invocations=34 (full 4):
 PSYoungGen      total 365056K, used 17380K [0x00000000e0000000, 0x00000000f8e00000, 0x0000000100000000)
  eden space 328704K, 0% used [0x00000000e0000000,0x00000000e0000000,0x00000000f4100000)
  from space 36352K, 47% used [0x00000000f6a80000,0x00000000f7b79330,0x00000000f8e00000)
  to   space 39424K, 0% used [0x00000000f4100000,0x00000000f4100000,0x00000000f6780000)
 ParOldGen       total 411648K, used 99613K [0x00000000a0000000, 0x00000000b9200000, 0x00000000e0000000)
  object space 411648K, 24% used [0x00000000a0000000,0x00000000a61477d8,0x00000000b9200000)
 Metaspace       used 106624K, capacity 112242K, committed 112424K, reserved 1146880K
  class space    used 13730K, capacity 14831K, committed 14896K, reserved 1048576K
}
Event: 703.084 GC heap before
{Heap before GC invocations=35 (full 4):
 PSYoungGen      total 365056K, used 346084K [0x00000000e0000000, 0x00000000f8e00000, 0x0000000100000000)
  eden space 328704K, 100% used [0x00000000e0000000,0x00000000f4100000,0x00000000f4100000)
  from space 36352K, 47% used [0x00000000f6a80000,0x00000000f7b79330,0x00000000f8e00000)
  to   space 39424K, 0% used [0x00000000f4100000,0x00000000f4100000,0x00000000f6780000)
 ParOldGen       total 411648K, used 99613K [0x00000000a0000000, 0x00000000b9200000, 0x00000000e0000000)
  object space 411648K, 24% used [0x00000000a0000000,0x00000000a61477d8,0x00000000b9200000)
 Metaspace       used 107552K, capacity 113254K, committed 113576K, reserved 1148928K
  class space    used 13832K, capacity 14929K, committed 15024K, reserved 1048576K
Event: 703.109 GC heap after
Heap after GC invocations=35 (full 4):
 PSYoungGen      total 368128K, used 10837K [0x00000000e0000000, 0x00000000f8e00000, 0x0000000100000000)
  eden space 328704K, 0% used [0x00000000e0000000,0x00000000e0000000,0x00000000f4100000)
  from space 39424K, 27% used [0x00000000f4100000,0x00000000f4b95438,0x00000000f6780000)
  to   space 36352K, 0% used [0x00000000f6a80000,0x00000000f6a80000,0x00000000f8e00000)
 ParOldGen       total 411648K, used 110375K [0x00000000a0000000, 0x00000000b9200000, 0x00000000e0000000)
  object space 411648K, 26% used [0x00000000a0000000,0x00000000a6bc9cf0,0x00000000b9200000)
 Metaspace       used 107552K, capacity 113254K, committed 113576K, reserved 1148928K
  class space    used 13832K, capacity 14929K, committed 15024K, reserved 1048576K
}
Event: 703.564 GC heap before
{Heap before GC invocations=36 (full 4):
 PSYoungGen      total 368128K, used 339541K [0x00000000e0000000, 0x00000000f8e00000, 0x0000000100000000)
  eden space 328704K, 100% used [0x00000000e0000000,0x00000000f4100000,0x00000000f4100000)
  from space 39424K, 27% used [0x00000000f4100000,0x00000000f4b95438,0x00000000f6780000)
  to   space 36352K, 0% used [0x00000000f6a80000,0x00000000f6a80000,0x00000000f8e00000)
 ParOldGen       total 411648K, used 110375K [0x00000000a0000000, 0x00000000b9200000, 0x00000000e0000000)
  object space 411648K, 26% used [0x00000000a0000000,0x00000000a6bc9cf0,0x00000000b9200000)
 Metaspace       used 107784K, capacity 113482K, committed 113832K, reserved 1148928K
  class space    used 13835K, capacity 14929K, committed 15024K, reserved 1048576K
Event: 703.582 GC heap after
Heap after GC invocations=36 (full 4):
 PSYoungGen      total 365056K, used 15136K [0x00000000e0000000, 0x00000000f8e00000, 0x0000000100000000)
  eden space 328704K, 0% used [0x00000000e0000000,0x00000000e0000000,0x00000000f4100000)
  from space 36352K, 41% used [0x00000000f6a80000,0x00000000f7948060,0x00000000f8e00000)
  to   space 39424K, 0% used [0x00000000f4100000,0x00000000f4100000,0x00000000f6780000)
 ParOldGen       total 411648K, used 113811K [0x00000000a0000000, 0x00000000b9200000, 0x00000000e0000000)
  object space 411648K, 27% used [0x00000000a0000000,0x00000000a6f24c38,0x00000000b9200000)
 Metaspace       used 107784K, capacity 113482K, committed 113832K, reserved 1148928K
  class space    used 13835K, capacity 14929K, committed 15024K, reserved 1048576K
}
Event: 703.907 GC heap before
{Heap before GC invocations=37 (full 4):
 PSYoungGen      total 365056K, used 343840K [0x00000000e0000000, 0x00000000f8e00000, 0x0000000100000000)
  eden space 328704K, 100% used [0x00000000e0000000,0x00000000f4100000,0x00000000f4100000)
  from space 36352K, 41% used [0x00000000f6a80000,0x00000000f7948060,0x00000000f8e00000)
  to   space 39424K, 0% used [0x00000000f4100000,0x00000000f4100000,0x00000000f6780000)
 ParOldGen       total 411648K, used 113811K [0x00000000a0000000, 0x00000000b9200000, 0x00000000e0000000)
  object space 411648K, 27% used [0x00000000a0000000,0x00000000a6f24c38,0x00000000b9200000)
 Metaspace       used 107974K, capacity 113760K, committed 114088K, reserved 1148928K
  class space    used 13852K, capacity 14948K, committed 15024K, reserved 1048576K
Event: 703.919 GC heap after
Heap after GC invocations=37 (full 4):
 PSYoungGen      total 368128K, used 8528K [0x00000000e0000000, 0x00000000fc300000, 0x0000000100000000)
  eden space 328704K, 0% used [0x00000000e0000000,0x00000000e0000000,0x00000000f4100000)
  from space 39424K, 21% used [0x00000000f4100000,0x00000000f4954010,0x00000000f6780000)
  to   space 39424K, 0% used [0x00000000f9c80000,0x00000000f9c80000,0x00000000fc300000)
 ParOldGen       total 411648K, used 125763K [0x00000000a0000000, 0x00000000b9200000, 0x00000000e0000000)
  object space 411648K, 30% used [0x00000000a0000000,0x00000000a7ad0cc8,0x00000000b9200000)
 Metaspace       used 107974K, capacity 113760K, committed 114088K, reserved 1148928K
  class space    used 13852K, capacity 14948K, committed 15024K, reserved 1048576K
}
Event: 704.334 GC heap before
{Heap before GC invocations=38 (full 4):
 PSYoungGen      total 368128K, used 337232K [0x00000000e0000000, 0x00000000fc300000, 0x0000000100000000)
  eden space 328704K, 100% used [0x00000000e0000000,0x00000000f4100000,0x00000000f4100000)
  from space 39424K, 21% used [0x00000000f4100000,0x00000000f4954010,0x00000000f6780000)
  to   space 39424K, 0% used [0x00000000f9c80000,0x00000000f9c80000,0x00000000fc300000)
 ParOldGen       total 411648K, used 125763K [0x00000000a0000000, 0x00000000b9200000, 0x00000000e0000000)
  object space 411648K, 30% used [0x00000000a0000000,0x00000000a7ad0cc8,0x00000000b9200000)
 Metaspace       used 108198K, capacity 113980K, committed 114088K, reserved 1148928K
  class space    used 13859K, capacity 14950K, committed 15024K, reserved 1048576K
Event: 704.346 GC heap after
Heap after GC invocations=38 (full 4):
 PSYoungGen      total 419328K, used 8655K [0x00000000e0000000, 0x00000000fc180000, 0x0000000100000000)
  eden space 381440K, 0% used [0x00000000e0000000,0x00000000e0000000,0x00000000f7480000)
  from space 37888K, 22% used [0x00000000f9c80000,0x00000000fa4f3fc8,0x00000000fc180000)
  to   space 39424K, 0% used [0x00000000f7480000,0x00000000f7480000,0x00000000f9b00000)
 ParOldGen       total 411648K, used 132425K [0x00000000a0000000, 0x00000000b9200000, 0x00000000e0000000)
  object space 411648K, 32% used [0x00000000a0000000,0x00000000a8152758,0x00000000b9200000)
 Metaspace       used 108198K, capacity 113980K, committed 114088K, reserved 1148928K
  class space    used 13859K, capacity 14950K, committed 15024K, reserved 1048576K
}

